2023-03-30 10:13:41,160 /usr/src/app/core/settings.py changed, reloading.
2023-03-30 10:14:49,300 Not Found: /favicon.ico
2023-03-30 10:15:32,912 /usr/src/app/core/settings.py changed, reloading.
2023-03-30 11:12:28,712 Not Found: /main.f8048898f8fbb338ba89.hot-update.json
2023-03-30 11:22:16,505 Bad Request: /api/users/profile/update/
2023-04-03 10:29:34,114 Internal Server Error: /api/products/undefined/
Traceback (most recent call last):
  File "/usr/local/lib/python3.10/site-packages/django/db/models/fields/__init__.py", line 1823, in get_prep_value
    return int(value)
ValueError: invalid literal for int() with base 10: 'undefined'

The above exception was the direct cause of the following exception:

Traceback (most recent call last):
  File "/usr/local/lib/python3.10/site-packages/django/core/handlers/exception.py", line 47, in inner
    response = get_response(request)
  File "/usr/local/lib/python3.10/site-packages/django/core/handlers/base.py", line 181, in _get_response
    response = wrapped_callback(request, *callback_args, **callback_kwargs)
  File "/usr/local/lib/python3.10/site-packages/sentry_sdk/integrations/django/views.py", line 85, in sentry_wrapped_callback
    return callback(request, *args, **kwargs)
  File "/usr/local/lib/python3.10/site-packages/django/views/decorators/csrf.py", line 54, in wrapped_view
    return view_func(*args, **kwargs)
  File "/usr/local/lib/python3.10/site-packages/django/views/generic/base.py", line 70, in view
    return self.dispatch(request, *args, **kwargs)
  File "/usr/local/lib/python3.10/site-packages/rest_framework/views.py", line 509, in dispatch
    response = self.handle_exception(exc)
  File "/usr/local/lib/python3.10/site-packages/rest_framework/views.py", line 469, in handle_exception
    self.raise_uncaught_exception(exc)
  File "/usr/local/lib/python3.10/site-packages/rest_framework/views.py", line 480, in raise_uncaught_exception
    raise exc
  File "/usr/local/lib/python3.10/site-packages/rest_framework/views.py", line 506, in dispatch
    response = handler(request, *args, **kwargs)
  File "/usr/local/lib/python3.10/site-packages/rest_framework/decorators.py", line 50, in handler
    return func(*args, **kwargs)
  File "/usr/src/app/productApi/product_views.py", line 70, in getProduct
    product = Product.objects.get(id=pk)
  File "/usr/local/lib/python3.10/site-packages/django/db/models/manager.py", line 85, in manager_method
    return getattr(self.get_queryset(), name)(*args, **kwargs)
  File "/usr/local/lib/python3.10/site-packages/django/db/models/query.py", line 424, in get
    clone = self._chain() if self.query.combinator else self.filter(*args, **kwargs)
  File "/usr/local/lib/python3.10/site-packages/django/db/models/query.py", line 941, in filter
    return self._filter_or_exclude(False, args, kwargs)
  File "/usr/local/lib/python3.10/site-packages/django/db/models/query.py", line 961, in _filter_or_exclude
    clone._filter_or_exclude_inplace(negate, args, kwargs)
  File "/usr/local/lib/python3.10/site-packages/django/db/models/query.py", line 968, in _filter_or_exclude_inplace
    self._query.add_q(Q(*args, **kwargs))
  File "/usr/local/lib/python3.10/site-packages/django/db/models/sql/query.py", line 1416, in add_q
    clause, _ = self._add_q(q_object, self.used_aliases)
  File "/usr/local/lib/python3.10/site-packages/django/db/models/sql/query.py", line 1435, in _add_q
    child_clause, needed_inner = self.build_filter(
  File "/usr/local/lib/python3.10/site-packages/django/db/models/sql/query.py", line 1370, in build_filter
    condition = self.build_lookup(lookups, col, value)
  File "/usr/local/lib/python3.10/site-packages/django/db/models/sql/query.py", line 1216, in build_lookup
    lookup = lookup_class(lhs, rhs)
  File "/usr/local/lib/python3.10/site-packages/django/db/models/lookups.py", line 25, in __init__
    self.rhs = self.get_prep_lookup()
  File "/usr/local/lib/python3.10/site-packages/django/db/models/lookups.py", line 77, in get_prep_lookup
    return self.lhs.output_field.get_prep_value(self.rhs)
  File "/usr/local/lib/python3.10/site-packages/django/db/models/fields/__init__.py", line 1825, in get_prep_value
    raise e.__class__(
ValueError: Field 'id' expected a number but got 'undefined'.
2023-04-03 10:30:45,612 Internal Server Error: /api/products/undefined/
Traceback (most recent call last):
  File "/usr/local/lib/python3.10/site-packages/django/db/models/fields/__init__.py", line 1823, in get_prep_value
    return int(value)
ValueError: invalid literal for int() with base 10: 'undefined'

The above exception was the direct cause of the following exception:

Traceback (most recent call last):
  File "/usr/local/lib/python3.10/site-packages/django/core/handlers/exception.py", line 47, in inner
    response = get_response(request)
  File "/usr/local/lib/python3.10/site-packages/django/core/handlers/base.py", line 181, in _get_response
    response = wrapped_callback(request, *callback_args, **callback_kwargs)
  File "/usr/local/lib/python3.10/site-packages/sentry_sdk/integrations/django/views.py", line 85, in sentry_wrapped_callback
    return callback(request, *args, **kwargs)
  File "/usr/local/lib/python3.10/site-packages/django/views/decorators/csrf.py", line 54, in wrapped_view
    return view_func(*args, **kwargs)
  File "/usr/local/lib/python3.10/site-packages/django/views/generic/base.py", line 70, in view
    return self.dispatch(request, *args, **kwargs)
  File "/usr/local/lib/python3.10/site-packages/rest_framework/views.py", line 509, in dispatch
    response = self.handle_exception(exc)
  File "/usr/local/lib/python3.10/site-packages/rest_framework/views.py", line 469, in handle_exception
    self.raise_uncaught_exception(exc)
  File "/usr/local/lib/python3.10/site-packages/rest_framework/views.py", line 480, in raise_uncaught_exception
    raise exc
  File "/usr/local/lib/python3.10/site-packages/rest_framework/views.py", line 506, in dispatch
    response = handler(request, *args, **kwargs)
  File "/usr/local/lib/python3.10/site-packages/rest_framework/decorators.py", line 50, in handler
    return func(*args, **kwargs)
  File "/usr/src/app/productApi/product_views.py", line 70, in getProduct
    product = Product.objects.get(id=pk)
  File "/usr/local/lib/python3.10/site-packages/django/db/models/manager.py", line 85, in manager_method
    return getattr(self.get_queryset(), name)(*args, **kwargs)
  File "/usr/local/lib/python3.10/site-packages/django/db/models/query.py", line 424, in get
    clone = self._chain() if self.query.combinator else self.filter(*args, **kwargs)
  File "/usr/local/lib/python3.10/site-packages/django/db/models/query.py", line 941, in filter
    return self._filter_or_exclude(False, args, kwargs)
  File "/usr/local/lib/python3.10/site-packages/django/db/models/query.py", line 961, in _filter_or_exclude
    clone._filter_or_exclude_inplace(negate, args, kwargs)
  File "/usr/local/lib/python3.10/site-packages/django/db/models/query.py", line 968, in _filter_or_exclude_inplace
    self._query.add_q(Q(*args, **kwargs))
  File "/usr/local/lib/python3.10/site-packages/django/db/models/sql/query.py", line 1416, in add_q
    clause, _ = self._add_q(q_object, self.used_aliases)
  File "/usr/local/lib/python3.10/site-packages/django/db/models/sql/query.py", line 1435, in _add_q
    child_clause, needed_inner = self.build_filter(
  File "/usr/local/lib/python3.10/site-packages/django/db/models/sql/query.py", line 1370, in build_filter
    condition = self.build_lookup(lookups, col, value)
  File "/usr/local/lib/python3.10/site-packages/django/db/models/sql/query.py", line 1216, in build_lookup
    lookup = lookup_class(lhs, rhs)
  File "/usr/local/lib/python3.10/site-packages/django/db/models/lookups.py", line 25, in __init__
    self.rhs = self.get_prep_lookup()
  File "/usr/local/lib/python3.10/site-packages/django/db/models/lookups.py", line 77, in get_prep_lookup
    return self.lhs.output_field.get_prep_value(self.rhs)
  File "/usr/local/lib/python3.10/site-packages/django/db/models/fields/__init__.py", line 1825, in get_prep_value
    raise e.__class__(
ValueError: Field 'id' expected a number but got 'undefined'.
2023-04-03 10:31:01,621 Internal Server Error: /api/products/undefined/
Traceback (most recent call last):
  File "/usr/local/lib/python3.10/site-packages/django/db/models/fields/__init__.py", line 1823, in get_prep_value
    return int(value)
ValueError: invalid literal for int() with base 10: 'undefined'

The above exception was the direct cause of the following exception:

Traceback (most recent call last):
  File "/usr/local/lib/python3.10/site-packages/django/core/handlers/exception.py", line 47, in inner
    response = get_response(request)
  File "/usr/local/lib/python3.10/site-packages/django/core/handlers/base.py", line 181, in _get_response
    response = wrapped_callback(request, *callback_args, **callback_kwargs)
  File "/usr/local/lib/python3.10/site-packages/sentry_sdk/integrations/django/views.py", line 85, in sentry_wrapped_callback
    return callback(request, *args, **kwargs)
  File "/usr/local/lib/python3.10/site-packages/django/views/decorators/csrf.py", line 54, in wrapped_view
    return view_func(*args, **kwargs)
  File "/usr/local/lib/python3.10/site-packages/django/views/generic/base.py", line 70, in view
    return self.dispatch(request, *args, **kwargs)
  File "/usr/local/lib/python3.10/site-packages/rest_framework/views.py", line 509, in dispatch
    response = self.handle_exception(exc)
  File "/usr/local/lib/python3.10/site-packages/rest_framework/views.py", line 469, in handle_exception
    self.raise_uncaught_exception(exc)
  File "/usr/local/lib/python3.10/site-packages/rest_framework/views.py", line 480, in raise_uncaught_exception
    raise exc
  File "/usr/local/lib/python3.10/site-packages/rest_framework/views.py", line 506, in dispatch
    response = handler(request, *args, **kwargs)
  File "/usr/local/lib/python3.10/site-packages/rest_framework/decorators.py", line 50, in handler
    return func(*args, **kwargs)
  File "/usr/src/app/productApi/product_views.py", line 70, in getProduct
    product = Product.objects.get(id=pk)
  File "/usr/local/lib/python3.10/site-packages/django/db/models/manager.py", line 85, in manager_method
    return getattr(self.get_queryset(), name)(*args, **kwargs)
  File "/usr/local/lib/python3.10/site-packages/django/db/models/query.py", line 424, in get
    clone = self._chain() if self.query.combinator else self.filter(*args, **kwargs)
  File "/usr/local/lib/python3.10/site-packages/django/db/models/query.py", line 941, in filter
    return self._filter_or_exclude(False, args, kwargs)
  File "/usr/local/lib/python3.10/site-packages/django/db/models/query.py", line 961, in _filter_or_exclude
    clone._filter_or_exclude_inplace(negate, args, kwargs)
  File "/usr/local/lib/python3.10/site-packages/django/db/models/query.py", line 968, in _filter_or_exclude_inplace
    self._query.add_q(Q(*args, **kwargs))
  File "/usr/local/lib/python3.10/site-packages/django/db/models/sql/query.py", line 1416, in add_q
    clause, _ = self._add_q(q_object, self.used_aliases)
  File "/usr/local/lib/python3.10/site-packages/django/db/models/sql/query.py", line 1435, in _add_q
    child_clause, needed_inner = self.build_filter(
  File "/usr/local/lib/python3.10/site-packages/django/db/models/sql/query.py", line 1370, in build_filter
    condition = self.build_lookup(lookups, col, value)
  File "/usr/local/lib/python3.10/site-packages/django/db/models/sql/query.py", line 1216, in build_lookup
    lookup = lookup_class(lhs, rhs)
  File "/usr/local/lib/python3.10/site-packages/django/db/models/lookups.py", line 25, in __init__
    self.rhs = self.get_prep_lookup()
  File "/usr/local/lib/python3.10/site-packages/django/db/models/lookups.py", line 77, in get_prep_lookup
    return self.lhs.output_field.get_prep_value(self.rhs)
  File "/usr/local/lib/python3.10/site-packages/django/db/models/fields/__init__.py", line 1825, in get_prep_value
    raise e.__class__(
ValueError: Field 'id' expected a number but got 'undefined'.
2023-04-14 10:59:17,892 Not Found: /favicon.ico
2023-10-10 07:09:19,668 Not Found: /logo512.png
2023-10-10 07:09:34,795 Not Found: /logo512.png
2023-10-10 07:09:51,000 Not Found: /logo512.png
2023-10-10 07:09:52,074 Not Found: /logo512.png
2023-10-10 07:09:56,004 Not Found: /logo512.png
2023-10-10 07:09:57,078 Not Found: /logo512.png
2023-10-10 07:10:26,016 Not Found: /logo512.png
2023-10-10 07:10:27,101 Not Found: /logo512.png
2023-10-10 07:10:57,852 Not Found: /logo512.png
2023-10-10 07:10:59,311 Not Found: /logo512.png
2023-10-10 07:11:27,016 Not Found: /logo512.png
2023-10-10 07:11:28,083 Not Found: /logo512.png
2023-10-10 07:11:57,989 Not Found: /logo512.png
2023-10-10 07:11:59,058 Not Found: /logo512.png
2023-10-10 07:12:26,924 Not Found: /logo512.png
2023-10-10 07:12:50,568 Not Found: /logo512.png
2023-10-10 07:12:52,043 Not Found: /logo512.png
2023-10-10 07:12:58,570 Not Found: /logo512.png
2023-10-10 07:13:00,056 Not Found: /logo512.png
2023-10-10 07:13:50,575 Not Found: /logo512.png
2023-10-10 07:13:52,051 Not Found: /logo512.png
2023-10-10 07:13:59,574 Not Found: /logo512.png
2023-10-10 07:14:01,051 Not Found: /logo512.png
2023-10-10 07:14:50,584 Not Found: /logo512.png
2023-10-10 07:14:52,075 Not Found: /logo512.png
2023-10-10 07:15:00,570 Not Found: /logo512.png
2023-10-10 07:15:02,059 Not Found: /logo512.png
2023-10-10 07:15:30,587 Not Found: /logo512.png
2023-10-10 07:15:32,071 Not Found: /logo512.png
2023-10-10 07:16:01,575 Not Found: /logo512.png
2023-10-10 07:16:03,056 Not Found: /logo512.png
2023-10-10 07:16:31,589 Not Found: /logo512.png
2023-10-10 07:16:33,071 Not Found: /logo512.png
2023-10-10 07:17:02,574 Not Found: /logo512.png
2023-10-10 07:17:04,064 Not Found: /logo512.png
2023-10-10 07:17:50,578 Not Found: /logo512.png
2023-10-10 07:17:52,079 Not Found: /logo512.png
2023-10-10 07:18:03,566 Not Found: /logo512.png
2023-10-10 07:18:05,051 Not Found: /logo512.png
2023-10-10 07:18:50,584 Not Found: /logo512.png
2023-10-10 07:18:52,087 Not Found: /logo512.png
2023-10-10 07:19:04,578 Not Found: /logo512.png
2023-10-10 07:19:06,071 Not Found: /logo512.png
2023-10-10 07:19:20,570 Not Found: /logo512.png
2023-10-10 07:19:22,043 Not Found: /logo512.png
2023-10-10 07:19:50,606 Not Found: /logo512.png
2023-10-10 07:19:52,093 Not Found: /logo512.png
2023-10-10 07:20:09,586 Not Found: /logo512.png
2023-10-10 07:20:11,075 Not Found: /logo512.png
2023-10-10 07:20:39,605 Not Found: /logo512.png
2023-10-10 07:20:41,083 Not Found: /logo512.png
2023-10-10 07:20:47,146 Not Found: /logo512.png
2023-10-10 07:20:48,999 Not Found: /logo512.png
2023-10-10 07:20:50,902 Not Found: /logo512.png
2023-10-10 07:20:52,995 Not Found: /logo512.png
2023-10-10 07:20:54,574 Not Found: /logo512.png
2023-10-10 07:20:58,113 Not Found: /logo512.png
2023-10-10 07:20:59,574 Not Found: /logo512.png
2023-10-10 07:21:10,995 Not Found: /logo512.png
2023-10-10 07:21:12,570 Not Found: /logo512.png
2023-10-10 07:21:38,127 Not Found: /logo512.png
2023-10-10 07:21:39,578 Not Found: /logo512.png
2023-10-10 07:21:42,003 Not Found: /logo512.png
2023-10-10 07:22:01,578 Not Found: /logo512.png
2023-10-10 07:22:04,003 Not Found: /logo512.png
2023-10-10 07:22:05,570 Not Found: /logo512.png
2023-10-10 07:22:34,252 Not Found: /logo512.png
2023-10-10 07:22:35,575 Not Found: /logo512.png
2023-10-10 07:22:51,003 Not Found: /logo512.png
2023-10-10 07:22:52,570 Not Found: /logo512.png
2023-10-10 07:23:13,004 Not Found: /logo512.png
2023-10-10 07:23:14,574 Not Found: /logo512.png
2023-10-10 07:23:51,019 Not Found: /logo512.png
2023-10-10 07:23:52,570 Not Found: /logo512.png
2023-10-10 07:24:14,019 Not Found: /logo512.png
2023-10-10 07:24:15,570 Not Found: /logo512.png
2023-10-10 07:24:51,023 Not Found: /logo512.png
2023-10-10 07:24:52,586 Not Found: /logo512.png
2023-10-10 07:25:14,999 Not Found: /logo512.png
2023-10-10 07:25:16,586 Not Found: /logo512.png
2023-10-10 07:25:45,015 Not Found: /logo512.png
2023-10-10 07:25:46,574 Not Found: /logo512.png
2023-10-10 07:26:16,003 Not Found: /logo512.png
2023-10-10 07:26:17,574 Not Found: /logo512.png
2023-10-10 07:26:46,033 Not Found: /logo512.png
2023-10-10 07:26:47,578 Not Found: /logo512.png
2023-10-10 07:27:17,003 Not Found: /logo512.png
2023-10-10 07:27:18,582 Not Found: /logo512.png
2023-10-10 07:27:51,015 Not Found: /logo512.png
2023-10-10 07:27:52,586 Not Found: /logo512.png
2023-10-10 07:28:18,019 Not Found: /logo512.png
2023-10-10 07:28:19,582 Not Found: /logo512.png
2023-10-10 07:28:51,011 Not Found: /logo512.png
2023-10-10 07:28:52,582 Not Found: /logo512.png
2023-10-10 07:29:19,019 Not Found: /logo512.png
2023-10-10 07:29:20,590 Not Found: /logo512.png
2023-10-10 07:29:51,019 Not Found: /logo512.png
2023-10-10 07:29:52,588 Not Found: /logo512.png
2023-10-10 07:30:20,011 Not Found: /logo512.png
2023-10-10 07:30:21,590 Not Found: /logo512.png
2023-10-10 07:30:50,035 Not Found: /logo512.png
2023-10-10 07:30:51,586 Not Found: /logo512.png
2023-10-10 07:31:21,015 Not Found: /logo512.png
2023-10-10 07:31:22,586 Not Found: /logo512.png
2023-10-10 07:31:51,048 Not Found: /logo512.png
2023-10-10 07:31:52,594 Not Found: /logo512.png
2023-10-10 07:32:21,031 Not Found: /logo512.png
2023-10-10 07:32:22,586 Not Found: /logo512.png
2023-10-10 07:32:27,075 Not Found: /logo512.png
2023-10-10 07:32:28,594 Not Found: /logo512.png
2023-10-10 07:32:52,016 Not Found: /logo512.png
2023-10-10 07:32:53,598 Not Found: /logo512.png
2023-10-10 07:32:58,032 Not Found: /logo512.png
2023-10-10 07:32:59,594 Not Found: /logo512.png
2023-10-10 07:33:21,032 Not Found: /logo512.png
2023-10-10 07:33:22,594 Not Found: /logo512.png
2023-10-10 07:33:53,023 Not Found: /logo512.png
2023-10-10 07:33:54,586 Not Found: /logo512.png
2023-10-10 07:34:21,007 Not Found: /logo512.png
2023-10-10 07:34:22,590 Not Found: /logo512.png
2023-10-10 07:34:51,031 Not Found: /logo512.png
2023-10-10 07:34:52,594 Not Found: /logo512.png
2023-10-10 07:34:56,036 Not Found: /logo512.png
2023-10-10 07:35:25,016 Not Found: /logo512.png
2023-10-10 07:35:26,590 Not Found: /logo512.png
2023-10-10 07:35:55,039 Not Found: /logo512.png
2023-10-10 07:35:56,590 Not Found: /logo512.png
2023-10-10 07:35:58,293 Not Found: /logo512.png
2023-10-10 07:35:59,598 Not Found: /logo512.png
2023-10-10 07:36:26,032 Not Found: /logo512.png
2023-10-10 07:36:27,599 Not Found: /logo512.png
2023-10-10 07:36:30,015 Not Found: /logo512.png
2023-10-10 07:36:55,622 Not Found: /logo512.png
2023-10-10 07:36:58,015 Not Found: /logo512.png
2023-10-10 07:37:20,618 Not Found: /logo512.png
2023-10-10 07:37:23,019 Not Found: /logo512.png
2023-10-10 07:37:56,603 Not Found: /logo512.png
2023-10-10 07:37:59,067 Not Found: /logo512.png
2023-10-10 07:38:20,598 Not Found: /logo512.png
2023-10-10 07:38:23,016 Not Found: /logo512.png
2023-10-10 07:38:57,622 Not Found: /logo512.png
2023-10-10 07:39:00,032 Not Found: /logo512.png
2023-10-10 07:39:20,595 Not Found: /logo512.png
2023-10-10 07:39:23,023 Not Found: /logo512.png
2023-10-10 07:39:58,606 Not Found: /logo512.png
2023-10-10 07:40:01,019 Not Found: /logo512.png
2023-10-10 07:40:29,606 Not Found: /logo512.png
2023-10-10 07:40:32,020 Not Found: /logo512.png
2023-10-10 07:40:59,626 Not Found: /logo512.png
2023-10-10 07:41:02,025 Not Found: /logo512.png
2023-10-10 07:41:30,602 Not Found: /logo512.png
2023-10-10 07:41:33,020 Not Found: /logo512.png
2023-10-10 07:42:00,618 Not Found: /logo512.png
2023-10-10 07:42:03,028 Not Found: /logo512.png
2023-10-10 07:42:20,602 Not Found: /logo512.png
2023-10-10 07:42:23,015 Not Found: /logo512.png
2023-10-10 07:43:01,611 Not Found: /logo512.png
2023-10-10 07:43:04,011 Not Found: /logo512.png
2023-10-10 07:43:20,614 Not Found: /logo512.png
2023-10-10 07:43:23,015 Not Found: /logo512.png
2023-10-10 07:44:02,610 Not Found: /logo512.png
2023-10-10 07:44:05,031 Not Found: /logo512.png
2023-10-10 07:44:20,606 Not Found: /logo512.png
2023-10-10 07:44:23,024 Not Found: /logo512.png
2023-10-10 07:45:03,622 Not Found: /logo512.png
2023-10-10 07:45:06,028 Not Found: /logo512.png
2023-10-10 07:45:34,610 Not Found: /logo512.png
2023-10-10 07:45:37,024 Not Found: /logo512.png
2023-10-10 07:46:04,630 Not Found: /logo512.png
2023-10-10 07:46:07,036 Not Found: /logo512.png
2023-10-10 07:46:35,610 Not Found: /logo512.png
2023-10-10 07:46:38,043 Not Found: /logo512.png
2023-10-10 07:47:05,638 Not Found: /logo512.png
2023-10-10 07:47:08,020 Not Found: /logo512.png
2023-10-10 07:47:20,614 Not Found: /logo512.png
2023-10-10 07:47:23,032 Not Found: /logo512.png
2023-10-10 07:48:06,639 Not Found: /logo512.png
2023-10-10 07:48:09,026 Not Found: /logo512.png
2023-10-10 07:48:20,618 Not Found: /logo512.png
2023-10-10 07:48:23,028 Not Found: /logo512.png
2023-10-10 07:48:48,534 Not Found: /logo512.png
2023-10-10 07:48:50,028 Not Found: /logo512.png
2023-10-10 07:48:53,083 Not Found: /logo512.png
2023-10-10 07:48:55,031 Not Found: /logo512.png
2023-10-10 07:48:56,462 Not Found: /logo512.png
2023-10-10 07:49:02,972 Not Found: /logo512.png
2023-10-10 07:49:20,622 Not Found: /logo512.png
2023-10-10 07:49:23,036 Not Found: /logo512.png
2023-10-10 07:49:25,602 Not Found: /logo512.png
2023-10-10 07:49:28,031 Not Found: /logo512.png
2023-10-10 07:49:50,638 Not Found: /logo512.png
2023-10-10 07:49:53,040 Not Found: /logo512.png
2023-10-10 07:50:08,635 Not Found: /logo512.png
2023-10-10 07:50:11,038 Not Found: /logo512.png
2023-10-10 07:50:23,918 Not Found: /logo512.png
2023-10-10 07:50:26,032 Not Found: /logo512.png
2023-10-10 07:50:39,614 Not Found: /logo512.png
2023-10-10 07:50:42,031 Not Found: /logo512.png
2023-10-10 07:51:09,636 Not Found: /logo512.png
2023-10-10 07:51:12,024 Not Found: /logo512.png
2023-10-10 07:51:50,618 Not Found: /logo512.png
2023-10-10 07:51:53,036 Not Found: /logo512.png
2023-10-10 07:52:15,087 Not Found: /logo512.png
2023-10-10 07:52:17,032 Not Found: /logo512.png
2023-10-10 07:52:50,646 Not Found: /logo512.png
2023-10-10 07:52:53,035 Not Found: /logo512.png
2023-10-10 07:52:59,122 Not Found: /logo512.png
2023-10-10 07:53:51,068 Not Found: /logo512.png
2023-10-10 07:53:52,618 Not Found: /logo512.png
2023-10-10 07:53:55,040 Not Found: /logo512.png
2023-10-10 07:54:50,638 Not Found: /logo512.png
2023-10-10 07:54:53,036 Not Found: /logo512.png
2023-10-10 07:54:55,623 Not Found: /logo512.png
2023-10-10 07:55:33,164 Not Found: /logo512.png
2023-10-10 07:55:34,615 Not Found: /logo512.png
2023-10-10 07:55:54,204 Not Found: /logo512.png
2023-10-10 07:55:55,626 Not Found: /logo512.png
2023-10-10 07:56:24,195 Not Found: /logo512.png
2023-10-10 07:56:25,626 Not Found: /logo512.png
2023-10-10 07:56:27,596 Not Found: /logo512.png
2023-10-10 07:56:29,619 Not Found: /logo512.png
2023-10-10 07:57:51,056 Not Found: /logo512.png
2023-10-10 07:57:52,623 Not Found: /logo512.png
2023-10-10 07:57:54,436 Not Found: /logo512.png
2023-10-10 07:57:55,626 Not Found: /logo512.png
2023-10-10 07:58:51,055 Not Found: /logo512.png
2023-10-10 07:58:52,627 Not Found: /logo512.png
2023-10-10 07:58:54,560 Not Found: /logo512.png
2023-10-10 07:58:56,626 Not Found: /logo512.png
2023-10-10 07:59:51,156 Not Found: /logo512.png
2023-10-10 07:59:52,615 Not Found: /logo512.png
2023-10-10 07:59:54,696 Not Found: /logo512.png
2023-10-10 07:59:56,627 Not Found: /logo512.png
2023-10-10 08:00:24,692 Not Found: /logo512.png
2023-10-10 08:00:26,622 Not Found: /logo512.png
2023-10-10 08:00:54,896 Not Found: /logo512.png
2023-10-10 08:00:56,623 Not Found: /logo512.png
2023-10-10 08:01:24,916 Not Found: /logo512.png
2023-10-10 08:01:26,631 Not Found: /logo512.png
2023-10-10 08:01:29,055 Not Found: /logo512.png
2023-10-10 08:02:51,072 Not Found: /logo512.png
2023-10-10 08:02:52,627 Not Found: /logo512.png
2023-10-10 08:02:55,156 Not Found: /logo512.png
2023-10-10 08:02:56,635 Not Found: /logo512.png
2023-10-10 08:03:51,066 Not Found: /logo512.png
2023-10-10 08:03:52,627 Not Found: /logo512.png
2023-10-10 08:03:55,275 Not Found: /logo512.png
2023-10-10 08:03:56,631 Not Found: /logo512.png
2023-10-10 08:04:21,064 Not Found: /logo512.png
2023-10-10 08:04:22,626 Not Found: /logo512.png
2023-10-10 08:04:51,068 Not Found: /logo512.png
2023-10-10 08:04:52,623 Not Found: /logo512.png
2023-10-10 08:04:55,396 Not Found: /logo512.png
2023-10-10 08:04:56,623 Not Found: /logo512.png
2023-10-10 08:05:34,880 Not Found: /logo512.png
2023-10-10 08:05:36,633 Not Found: /logo512.png
2023-10-10 08:05:56,060 Not Found: /logo512.png
2023-10-10 08:05:57,630 Not Found: /logo512.png
2023-10-10 08:06:26,084 Not Found: /logo512.png
2023-10-10 08:06:27,635 Not Found: /logo512.png
2023-10-10 08:06:57,064 Not Found: /logo512.png
2023-10-10 08:06:58,633 Not Found: /logo512.png
2023-10-10 08:07:38,060 Not Found: /logo512.png
2023-10-10 08:07:39,639 Not Found: /logo512.png
2023-10-10 08:07:51,072 Not Found: /logo512.png
2023-10-10 08:07:52,642 Not Found: /logo512.png
2023-10-10 08:08:07,055 Not Found: /logo512.png
2023-10-10 08:08:08,635 Not Found: /logo512.png
2023-10-10 08:08:51,068 Not Found: /logo512.png
2023-10-10 08:08:52,635 Not Found: /logo512.png
2023-10-10 08:09:08,080 Not Found: /logo512.png
2023-10-10 08:09:09,631 Not Found: /logo512.png
2023-10-10 08:09:51,088 Not Found: /logo512.png
2023-10-10 08:09:52,647 Not Found: /logo512.png
2023-10-10 08:10:12,052 Not Found: /logo512.png
2023-10-10 08:10:13,631 Not Found: /logo512.png
2023-10-10 08:10:42,076 Not Found: /logo512.png
2023-10-10 08:10:43,639 Not Found: /logo512.png
2023-10-10 08:11:13,062 Not Found: /logo512.png
2023-10-10 08:11:14,639 Not Found: /logo512.png
2023-10-10 08:11:43,076 Not Found: /logo512.png
2023-10-10 08:11:44,783 Not Found: /logo512.png
2023-10-10 08:12:14,064 Not Found: /logo512.png
2023-10-10 08:12:15,639 Not Found: /logo512.png
2023-10-10 08:12:51,080 Not Found: /logo512.png
2023-10-10 08:12:52,635 Not Found: /logo512.png
2023-10-10 08:13:15,064 Not Found: /logo512.png
2023-10-10 08:13:16,650 Not Found: /logo512.png
2023-10-10 08:13:51,084 Not Found: /logo512.png
2023-10-10 08:13:52,639 Not Found: /logo512.png
2023-10-10 08:14:16,064 Not Found: /logo512.png
2023-10-10 08:14:17,651 Not Found: /logo512.png
2023-10-10 08:14:51,104 Not Found: /logo512.png
2023-10-10 08:14:52,643 Not Found: /logo512.png
2023-10-10 08:15:17,080 Not Found: /logo512.png
2023-10-10 08:15:18,651 Not Found: /logo512.png
2023-10-10 08:15:47,092 Not Found: /logo512.png
2023-10-10 08:15:48,643 Not Found: /logo512.png
2023-10-10 08:16:18,064 Not Found: /logo512.png
2023-10-10 08:16:19,638 Not Found: /logo512.png
2023-10-10 08:16:48,096 Not Found: /logo512.png
2023-10-10 08:16:49,647 Not Found: /logo512.png
2023-10-10 08:17:19,092 Not Found: /logo512.png
2023-10-10 08:17:20,662 Not Found: /logo512.png
2023-10-10 08:17:51,080 Not Found: /logo512.png
2023-10-10 08:17:52,655 Not Found: /logo512.png
2023-10-10 08:18:20,067 Not Found: /logo512.png
2023-10-10 08:18:21,651 Not Found: /logo512.png
2023-10-10 08:18:51,076 Not Found: /logo512.png
2023-10-10 08:18:52,655 Not Found: /logo512.png
2023-10-10 08:19:21,076 Not Found: /logo512.png
2023-10-10 08:19:22,646 Not Found: /logo512.png
2023-10-10 08:19:51,085 Not Found: /logo512.png
2023-10-10 08:19:52,651 Not Found: /logo512.png
2023-10-10 08:20:22,072 Not Found: /logo512.png
2023-10-10 08:20:23,651 Not Found: /logo512.png
2023-10-10 08:20:52,101 Not Found: /logo512.png
2023-10-10 08:20:53,651 Not Found: /logo512.png
2023-10-10 08:21:23,084 Not Found: /logo512.png
2023-10-10 08:21:24,655 Not Found: /logo512.png
2023-10-10 08:21:53,104 Not Found: /logo512.png
2023-10-10 08:21:54,647 Not Found: /logo512.png
2023-10-10 08:22:21,068 Not Found: /logo512.png
2023-10-10 08:22:22,654 Not Found: /logo512.png
2023-10-10 08:22:27,088 Not Found: /logo512.png
2023-10-10 08:22:28,659 Not Found: /logo512.png
2023-10-10 08:22:54,092 Not Found: /logo512.png
2023-10-10 08:22:55,651 Not Found: /logo512.png
2023-10-10 08:22:57,216 Not Found: /logo512.png
2023-10-10 08:22:58,655 Not Found: /logo512.png
2023-10-10 08:23:21,072 Not Found: /logo512.png
2023-10-10 08:23:22,647 Not Found: /logo512.png
2023-10-10 08:23:55,092 Not Found: /logo512.png
2023-10-10 08:23:56,647 Not Found: /logo512.png
2023-10-10 08:24:21,076 Not Found: /logo512.png
2023-10-10 08:24:22,659 Not Found: /logo512.png
2023-10-10 08:24:56,103 Not Found: /logo512.png
2023-10-10 08:24:57,647 Not Found: /logo512.png
2023-10-10 08:25:27,076 Not Found: /logo512.png
2023-10-10 08:25:28,651 Not Found: /logo512.png
2023-10-10 08:25:57,104 Not Found: /logo512.png
2023-10-10 08:25:58,660 Not Found: /logo512.png
2023-10-10 08:26:27,109 Not Found: /logo512.png
2023-10-10 08:26:28,663 Not Found: /logo512.png
2023-10-10 08:26:58,109 Not Found: /logo512.png
2023-10-10 08:26:59,655 Not Found: /logo512.png
2023-10-10 08:27:21,084 Not Found: /logo512.png
2023-10-10 08:27:22,663 Not Found: /logo512.png
2023-10-10 08:27:59,114 Not Found: /logo512.png
2023-10-10 08:28:00,687 Not Found: /logo512.png
2023-10-10 08:28:21,084 Not Found: /logo512.png
2023-10-10 08:28:22,664 Not Found: /logo512.png
2023-10-10 08:29:00,097 Not Found: /logo512.png
2023-10-10 08:29:01,668 Not Found: /logo512.png
2023-10-10 08:29:21,076 Not Found: /logo512.png
2023-10-10 08:29:22,651 Not Found: /logo512.png
2023-10-10 08:30:01,096 Not Found: /logo512.png
2023-10-10 08:30:02,655 Not Found: /logo512.png
2023-10-10 08:30:32,096 Not Found: /logo512.png
2023-10-10 08:30:33,659 Not Found: /logo512.png
2023-10-10 08:31:02,108 Not Found: /logo512.png
2023-10-10 08:31:03,660 Not Found: /logo512.png
2023-10-10 08:31:33,088 Not Found: /logo512.png
2023-10-10 08:31:34,667 Not Found: /logo512.png
2023-10-10 08:32:03,108 Not Found: /logo512.png
2023-10-10 08:32:04,659 Not Found: /logo512.png
2023-10-10 08:32:21,084 Not Found: /logo512.png
2023-10-10 08:32:22,659 Not Found: /logo512.png
2023-10-10 08:33:04,096 Not Found: /logo512.png
2023-10-10 08:33:05,659 Not Found: /logo512.png
2023-10-10 08:33:21,100 Not Found: /logo512.png
2023-10-10 08:33:22,659 Not Found: /logo512.png
2023-10-10 08:34:05,124 Not Found: /logo512.png
2023-10-10 08:34:06,663 Not Found: /logo512.png
2023-10-10 08:34:21,099 Not Found: /logo512.png
2023-10-10 08:34:22,679 Not Found: /logo512.png
2023-10-10 08:34:51,127 Not Found: /logo512.png
2023-10-10 08:34:52,671 Not Found: /logo512.png
2023-10-10 08:35:06,100 Not Found: /logo512.png
2023-10-10 08:35:07,663 Not Found: /logo512.png
2023-10-10 08:35:37,096 Not Found: /logo512.png
2023-10-10 08:35:38,663 Not Found: /logo512.png
2023-10-10 08:36:07,116 Not Found: /logo512.png
2023-10-10 08:36:08,671 Not Found: /logo512.png
2023-10-10 08:36:38,103 Not Found: /logo512.png
2023-10-10 08:36:39,663 Not Found: /logo512.png
2023-10-10 08:37:08,108 Not Found: /logo512.png
2023-10-10 08:37:09,671 Not Found: /logo512.png
2023-10-10 08:37:21,088 Not Found: /logo512.png
2023-10-10 08:37:22,672 Not Found: /logo512.png
2023-10-10 08:38:09,104 Not Found: /logo512.png
2023-10-10 08:38:10,699 Not Found: /logo512.png
2023-10-10 08:38:21,088 Not Found: /logo512.png
2023-10-10 08:38:22,675 Not Found: /logo512.png
2023-10-10 08:39:10,130 Not Found: /logo512.png
2023-10-10 08:39:11,675 Not Found: /logo512.png
2023-10-10 08:39:21,096 Not Found: /logo512.png
2023-10-10 08:39:22,675 Not Found: /logo512.png
2023-10-10 08:40:11,148 Not Found: /logo512.png
2023-10-10 08:40:12,675 Not Found: /logo512.png
2023-10-10 08:40:42,207 Not Found: /logo512.png
2023-10-10 08:40:43,679 Not Found: /logo512.png
2023-10-10 08:41:12,166 Not Found: /logo512.png
2023-10-10 08:41:13,671 Not Found: /logo512.png
2023-10-10 08:41:43,137 Not Found: /logo512.png
2023-10-10 08:41:44,667 Not Found: /logo512.png
2023-10-10 08:42:13,116 Not Found: /logo512.png
2023-10-10 08:42:14,671 Not Found: /logo512.png
2023-10-10 08:42:21,152 Not Found: /logo512.png
2023-10-10 08:42:22,671 Not Found: /logo512.png
2023-10-10 08:43:14,180 Not Found: /logo512.png
2023-10-10 08:43:15,687 Not Found: /logo512.png
2023-10-10 08:43:21,147 Not Found: /logo512.png
2023-10-10 08:43:22,675 Not Found: /logo512.png
2023-10-10 08:44:15,140 Not Found: /logo512.png
2023-10-10 08:44:16,679 Not Found: /logo512.png
2023-10-10 08:44:21,092 Not Found: /logo512.png
2023-10-10 08:44:22,699 Not Found: /logo512.png
2023-10-10 08:45:16,138 Not Found: /logo512.png
2023-10-10 08:45:17,715 Not Found: /logo512.png
2023-10-10 08:45:47,126 Not Found: /logo512.png
2023-10-10 08:45:48,675 Not Found: /logo512.png
2023-10-10 08:46:17,168 Not Found: /logo512.png
2023-10-10 08:46:18,670 Not Found: /logo512.png
2023-10-10 08:46:48,156 Not Found: /logo512.png
2023-10-10 08:46:49,686 Not Found: /logo512.png
2023-10-10 08:47:18,120 Not Found: /logo512.png
2023-10-10 08:47:19,678 Not Found: /logo512.png
2023-10-10 08:47:23,140 Not Found: /logo512.png
2023-10-10 08:48:18,687 Not Found: /logo512.png
2023-10-10 08:48:21,108 Not Found: /logo512.png
2023-10-10 08:48:22,683 Not Found: /logo512.png
2023-10-10 08:48:51,120 Not Found: /logo512.png
2023-10-10 08:48:52,691 Not Found: /logo512.png
2023-10-10 08:48:55,096 Not Found: /logo512.png
2023-10-10 08:48:56,679 Not Found: /logo512.png
2023-10-10 08:49:21,111 Not Found: /logo512.png
2023-10-10 08:49:22,692 Not Found: /logo512.png
2023-10-10 08:49:51,140 Not Found: /logo512.png
2023-10-10 08:49:52,690 Not Found: /logo512.png
2023-10-10 08:49:56,111 Not Found: /logo512.png
2023-10-10 08:49:57,679 Not Found: /logo512.png
2023-10-10 08:50:26,140 Not Found: /logo512.png
2023-10-10 08:50:27,691 Not Found: /logo512.png
2023-10-10 08:50:57,109 Not Found: /logo512.png
2023-10-10 08:50:58,683 Not Found: /logo512.png
2023-10-10 08:51:27,120 Not Found: /logo512.png
2023-10-10 08:51:28,687 Not Found: /logo512.png
2023-10-10 08:51:58,104 Not Found: /logo512.png
2023-10-10 08:51:59,678 Not Found: /logo512.png
2023-10-10 08:52:51,135 Not Found: /logo512.png
2023-10-10 08:52:52,683 Not Found: /logo512.png
2023-10-10 08:52:59,107 Not Found: /logo512.png
2023-10-10 08:53:00,687 Not Found: /logo512.png
2023-10-10 08:53:51,251 Not Found: /logo512.png
2023-10-10 08:53:52,683 Not Found: /logo512.png
2023-10-10 08:54:00,112 Not Found: /logo512.png
2023-10-10 08:54:01,684 Not Found: /logo512.png
2023-10-10 08:54:51,128 Not Found: /logo512.png
2023-10-10 08:54:52,690 Not Found: /logo512.png
2023-10-10 08:55:01,108 Not Found: /logo512.png
2023-10-10 08:55:02,683 Not Found: /logo512.png
2023-10-10 08:55:31,152 Not Found: /logo512.png
2023-10-10 08:55:32,699 Not Found: /logo512.png
2023-10-10 08:56:02,148 Not Found: /logo512.png
2023-10-10 08:56:03,691 Not Found: /logo512.png
2023-10-10 08:56:32,171 Not Found: /logo512.png
2023-10-10 08:56:33,694 Not Found: /logo512.png
2023-10-10 08:57:03,127 Not Found: /logo512.png
2023-10-10 08:57:04,695 Not Found: /logo512.png
2023-10-10 08:57:51,120 Not Found: /logo512.png
2023-10-10 08:57:52,694 Not Found: /logo512.png
2023-10-10 08:58:04,128 Not Found: /logo512.png
2023-10-10 08:58:05,688 Not Found: /logo512.png
2023-10-10 08:58:51,116 Not Found: /logo512.png
2023-10-10 08:58:52,695 Not Found: /logo512.png
2023-10-10 08:59:05,135 Not Found: /logo512.png
2023-10-10 08:59:06,699 Not Found: /logo512.png
2023-10-10 08:59:51,212 Not Found: /logo512.png
2023-10-10 08:59:52,701 Not Found: /logo512.png
2023-10-10 09:00:06,124 Not Found: /logo512.png
2023-10-10 09:00:07,695 Not Found: /logo512.png
2023-10-10 09:00:36,140 Not Found: /logo512.png
2023-10-10 09:00:37,710 Not Found: /logo512.png
2023-10-10 09:01:07,120 Not Found: /logo512.png
2023-10-10 09:01:08,691 Not Found: /logo512.png
2023-10-10 09:01:37,161 Not Found: /logo512.png
2023-10-10 09:01:38,694 Not Found: /logo512.png
2023-10-10 09:02:08,124 Not Found: /logo512.png
2023-10-10 09:02:09,699 Not Found: /logo512.png
2023-10-10 09:02:51,256 Not Found: /logo512.png
2023-10-10 09:02:52,718 Not Found: /logo512.png
2023-10-10 09:03:09,128 Not Found: /logo512.png
2023-10-10 09:03:10,699 Not Found: /logo512.png
2023-10-10 09:03:51,148 Not Found: /logo512.png
2023-10-10 09:03:52,707 Not Found: /logo512.png
2023-10-10 09:04:10,136 Not Found: /logo512.png
2023-10-10 09:04:11,699 Not Found: /logo512.png
2023-10-10 09:04:21,144 Not Found: /logo512.png
2023-10-10 09:04:22,695 Not Found: /logo512.png
2023-10-10 09:04:51,147 Not Found: /logo512.png
2023-10-10 09:04:52,703 Not Found: /logo512.png
2023-10-10 09:05:11,140 Not Found: /logo512.png
2023-10-10 09:05:12,707 Not Found: /logo512.png
2023-10-10 09:05:41,140 Not Found: /logo512.png
2023-10-10 09:05:42,699 Not Found: /logo512.png
2023-10-10 09:06:12,140 Not Found: /logo512.png
2023-10-10 09:06:13,702 Not Found: /logo512.png
2023-10-10 09:06:42,164 Not Found: /logo512.png
2023-10-10 09:06:43,698 Not Found: /logo512.png
2023-10-10 09:07:21,140 Not Found: /logo512.png
2023-10-10 09:07:22,706 Not Found: /logo512.png
2023-10-10 09:07:39,128 Not Found: /logo512.png
2023-10-10 09:07:40,711 Not Found: /logo512.png
2023-10-10 09:08:09,152 Not Found: /logo512.png
2023-10-10 09:08:10,703 Not Found: /logo512.png
2023-10-10 09:08:15,132 Not Found: /logo512.png
2023-10-10 09:08:16,794 Not Found: /logo512.png
2023-10-10 09:08:21,256 Not Found: /logo512.png
2023-10-10 09:08:22,706 Not Found: /logo512.png
2023-10-10 09:09:16,152 Not Found: /logo512.png
2023-10-10 09:09:17,707 Not Found: /logo512.png
2023-10-10 09:09:21,128 Not Found: /logo512.png
2023-10-10 09:09:22,715 Not Found: /logo512.png
2023-10-10 09:10:17,144 Not Found: /logo512.png
2023-10-10 09:10:18,703 Not Found: /logo512.png
2023-10-10 09:10:48,144 Not Found: /logo512.png
2023-10-10 09:10:49,702 Not Found: /logo512.png
2023-10-10 09:11:18,144 Not Found: /logo512.png
2023-10-10 09:11:19,715 Not Found: /logo512.png
2023-10-10 09:11:49,143 Not Found: /logo512.png
2023-10-10 09:11:50,714 Not Found: /logo512.png
2023-10-10 09:12:19,163 Not Found: /logo512.png
2023-10-10 09:12:20,715 Not Found: /logo512.png
2023-10-10 09:12:23,124 Not Found: /logo512.png
2023-10-10 09:13:19,730 Not Found: /logo512.png
2023-10-10 09:13:22,135 Not Found: /logo512.png
2023-10-10 09:14:51,160 Not Found: /logo512.png
2023-10-10 09:14:52,703 Not Found: /logo512.png
2023-10-10 09:15:22,147 Not Found: /logo512.png
2023-10-10 09:15:23,708 Not Found: /logo512.png
2023-10-10 09:15:53,152 Not Found: /logo512.png
2023-10-10 09:15:54,714 Not Found: /logo512.png
2023-10-10 09:16:56,140 Not Found: /logo512.png
2023-10-10 09:16:57,718 Not Found: /logo512.png
2023-10-10 09:17:00,139 Not Found: /logo512.png
2023-10-10 09:17:01,734 Not Found: /logo512.png
2023-10-10 09:17:32,160 Not Found: /logo512.png
2023-10-10 09:17:33,710 Not Found: /logo512.png
2023-10-10 09:17:51,164 Not Found: /logo512.png
2023-10-10 09:17:52,714 Not Found: /logo512.png
2023-10-10 09:17:55,136 Not Found: /logo512.png
2023-10-10 09:17:56,710 Not Found: /logo512.png
2023-10-10 09:18:51,160 Not Found: /logo512.png
2023-10-10 09:18:52,734 Not Found: /logo512.png
2023-10-10 09:18:53,096 Not Found: /
2023-10-10 09:18:53,483 Not Found: /
2023-10-10 09:19:21,204 Not Found: /logo512.png
2023-10-10 09:19:22,706 Not Found: /logo512.png
2023-10-10 09:19:51,154 Not Found: /logo512.png
2023-10-10 09:19:52,710 Not Found: /logo512.png
2023-10-10 09:19:57,147 Not Found: /logo512.png
2023-10-10 09:19:58,710 Not Found: /logo512.png
2023-10-10 09:20:28,139 Not Found: /logo512.png
2023-10-10 09:20:29,726 Not Found: /logo512.png
2023-10-10 09:20:58,163 Not Found: /logo512.png
2023-10-10 09:20:59,714 Not Found: /logo512.png
2023-10-10 09:21:29,299 Not Found: /logo512.png
2023-10-10 09:21:30,722 Not Found: /logo512.png
2023-10-10 09:21:59,152 Not Found: /logo512.png
2023-10-10 09:22:00,722 Not Found: /logo512.png
2023-10-10 09:22:21,144 Not Found: /logo512.png
2023-10-10 09:22:22,722 Not Found: /logo512.png
2023-10-10 09:23:00,155 Not Found: /logo512.png
2023-10-10 09:23:01,714 Not Found: /logo512.png
2023-10-10 09:23:21,159 Not Found: /logo512.png
2023-10-10 09:23:22,730 Not Found: /logo512.png
2023-10-10 09:23:29,151 Not Found: /logo512.png
2023-10-10 09:23:30,730 Not Found: /logo512.png
2023-10-10 09:23:59,291 Not Found: /logo512.png
2023-10-10 09:24:00,726 Not Found: /logo512.png
2023-10-10 09:24:03,144 Not Found: /logo512.png
2023-10-10 09:24:20,730 Not Found: /logo512.png
2023-10-10 09:24:23,143 Not Found: /logo512.png
2023-10-10 09:25:01,735 Not Found: /logo512.png
2023-10-10 09:25:04,155 Not Found: /logo512.png
2023-10-10 09:25:54,730 Not Found: /logo512.png
2023-10-10 09:25:57,159 Not Found: /logo512.png
2023-10-10 09:26:24,759 Not Found: /logo512.png
2023-10-10 09:26:27,139 Not Found: /logo512.png
2023-10-10 09:26:55,737 Not Found: /logo512.png
2023-10-10 09:26:58,148 Not Found: /logo512.png
2023-10-10 09:27:50,751 Not Found: /logo512.png
2023-10-10 09:27:53,156 Not Found: /logo512.png
2023-10-10 09:27:56,739 Not Found: /logo512.png
2023-10-10 09:27:59,163 Not Found: /logo512.png
2023-10-10 09:28:49,646 Not Found: /logo512.png
2023-10-10 09:28:51,152 Not Found: /logo512.png
2023-10-10 09:28:52,738 Not Found: /logo512.png
2023-10-10 09:28:57,294 Not Found: /logo512.png
2023-10-10 09:28:58,726 Not Found: /logo512.png
2023-10-10 09:29:29,588 Not Found: /logo512.png
2023-10-10 09:29:30,733 Not Found: /logo512.png
2023-10-10 09:29:51,180 Not Found: /logo512.png
2023-10-10 09:29:52,740 Not Found: /logo512.png
2023-10-10 09:29:58,163 Not Found: /logo512.png
2023-10-10 09:29:59,730 Not Found: /logo512.png
2023-10-10 09:30:28,187 Not Found: /logo512.png
2023-10-10 09:30:29,738 Not Found: /logo512.png
2023-10-10 09:30:59,138 Not Found: /logo512.png
2023-10-10 09:31:00,733 Not Found: /logo512.png
2023-10-10 09:31:29,168 Not Found: /logo512.png
2023-10-10 09:31:30,734 Not Found: /logo512.png
2023-10-10 09:32:01,155 Not Found: /logo512.png
2023-10-10 09:32:02,725 Not Found: /logo512.png
2023-10-10 09:32:51,263 Not Found: /logo512.png
2023-10-10 09:32:52,742 Not Found: /logo512.png
2023-10-10 09:33:02,163 Not Found: /logo512.png
2023-10-10 09:33:03,733 Not Found: /logo512.png
2023-10-10 09:33:51,180 Not Found: /logo512.png
2023-10-10 09:33:52,730 Not Found: /logo512.png
2023-10-10 09:34:03,163 Not Found: /logo512.png
2023-10-10 09:34:04,738 Not Found: /logo512.png
2023-10-10 09:34:51,160 Not Found: /logo512.png
2023-10-10 09:34:52,738 Not Found: /logo512.png
2023-10-10 09:35:04,209 Not Found: /logo512.png
2023-10-10 09:35:05,734 Not Found: /logo512.png
2023-10-10 09:35:21,164 Not Found: /logo512.png
2023-10-10 09:35:22,738 Not Found: /logo512.png
2023-10-10 09:35:34,167 Not Found: /logo512.png
2023-10-10 09:35:35,739 Not Found: /logo512.png
2023-10-10 09:35:51,175 Not Found: /logo512.png
2023-10-10 09:35:52,742 Not Found: /logo512.png
2023-10-10 09:36:05,167 Not Found: /logo512.png
2023-10-10 09:36:06,739 Not Found: /logo512.png
2023-10-10 09:36:35,202 Not Found: /logo512.png
2023-10-10 09:36:36,738 Not Found: /logo512.png
2023-10-10 09:37:06,163 Not Found: /logo512.png
2023-10-10 09:37:07,747 Not Found: /logo512.png
2023-10-10 11:14:23,334 Not Found: /
2023-10-10 21:35:03,357 Not Found: /aaa9
2023-10-10 21:35:03,985 Not Found: /aab8
2023-10-10 21:35:04,632 Not Found: /
2023-10-11 01:35:24,455 Not Found: /
2023-10-11 04:32:26,388 Not Found: /
2023-10-11 05:41:32,121 Not Found: /
2023-10-11 05:42:08,152 Not Found: /favicon.ico
2023-10-11 05:42:31,407 Not Found: /http:/api.ipify.org/
2023-10-11 05:42:54,268 Not Found: /www.shadowserver.org:443
2023-10-11 07:37:52,491 Not Found: /
2023-10-11 07:37:53,524 Not Found: /api/islogged
2023-10-11 10:48:14,425 Not Found: /
2023-10-11 10:48:41,741 Not Found: /
2023-10-11 10:48:42,359 Not Found: /
2023-10-11 10:49:00,285 Not Found: /
2023-10-11 11:16:59,197 Not Found: /
2023-10-11 11:16:59,686 Not Found: /
2023-10-11 12:04:42,851 Not Found: /
2023-10-11 15:48:58,216 Not Found: /actuator/env
2023-10-11 18:55:45,749 Not Found: /
2023-10-11 21:25:39,029 Not Found: /
2023-10-11 21:40:31,447 Not Found: /
2023-10-12 00:23:13,303 Not Found: /onvif/device_service
2023-10-12 09:07:27,540 Not Found: /c/
2023-10-12 10:45:18,369 Not Found: /
2023-10-12 10:46:01,488 Not Found: /favicon.ico
2023-10-12 10:46:25,041 Not Found: /http:/api.ipify.org/
2023-10-12 10:46:47,451 Not Found: /www.shadowserver.org:443
2023-10-12 10:48:31,690 Not Found: /
2023-10-12 10:48:53,460 Not Found: /favicon.ico
2023-10-12 10:48:56,249 Not Found: /robots.txt
2023-10-12 10:48:58,908 Not Found: /sitemap.xml
2023-10-12 22:41:35,779 Not Found: /
2023-10-12 22:41:36,274 Not Found: /
2023-10-12 23:05:00,489 Not Found: /
2023-10-13 00:15:37,036 Not Found: /env
2023-10-13 01:22:49,766 Not Found: /
2023-10-13 02:01:23,287 Not Found: /
2023-10-13 03:03:49,823 Not Found: /
2023-10-13 03:04:07,265 Not Found: /favicon.ico
2023-10-13 03:04:11,402 Not Found: /http:/api.ipify.org/
2023-10-13 03:04:14,379 Not Found: /www.shadowserver.org:443
2023-10-13 10:12:38,812 Not Found: /
2023-10-13 11:02:48,878 Not Found: /
2023-10-13 13:48:25,571 Not Found: /
2023-10-13 13:48:26,397 Not Found: /
2023-10-13 19:10:09,336 Not Found: /
2023-10-13 19:10:09,355 Not Found: /api/islogged
2023-10-14 01:09:03,873 Not Found: /
2023-10-14 01:09:04,238 Not Found: /
2023-10-14 01:54:31,359 Not Found: /
2023-10-14 03:07:10,903 Not Found: /
2023-10-14 08:14:57,134 Not Found: /
2023-10-14 08:15:14,738 Not Found: /favicon.ico
2023-10-14 08:15:19,289 Not Found: /http:/api.ipify.org/
2023-10-14 08:15:22,481 Not Found: /www.shadowserver.org:443
2023-10-14 09:21:10,280 Not Found: /
2023-10-14 09:21:10,660 Not Found: /
2023-10-14 12:35:47,216 Not Found: /
2023-10-14 21:10:31,553 Not Found: /
2023-10-14 22:45:35,477 Not Found: /
2023-10-14 22:45:36,030 Not Found: /
2023-10-15 00:14:20,154 Not Found: /
2023-10-15 02:39:20,695 Not Found: /
2023-10-15 03:16:18,355 Not Found: /
2023-10-15 05:46:24,041 Not Found: /
2023-10-15 05:46:59,890 Not Found: /favicon.ico
2023-10-15 05:47:22,496 Not Found: /http:/api.ipify.org/
2023-10-15 05:47:44,741 Not Found: /www.shadowserver.org:443
2023-10-15 06:12:38,244 Not Found: /
2023-10-15 08:01:17,501 Not Found: /
2023-10-15 08:01:31,576 Not Found: /
2023-10-15 08:01:33,450 Not Found: /api/session/properties
2023-10-15 14:14:14,094 Not Found: /playlist.m3u8
2023-10-15 17:39:51,148 Not Found: /
2023-10-15 21:18:51,620 Not Found: /
2023-10-16 03:00:00,542 Not Found: /
2023-10-16 03:00:12,533 Not Found: /favicon.ico
2023-10-16 03:00:16,886 Not Found: /http:/api.ipify.org/
2023-10-16 03:00:19,724 Not Found: /www.shadowserver.org:443
2023-10-16 04:57:09,477 Not Found: /
2023-10-16 05:47:31,549 Not Found: /
2023-10-16 10:17:21,048 Not Found: /
2023-10-16 19:58:59,536 Not Found: /
2023-10-16 21:24:33,160 Not Found: /login
2023-10-16 22:16:09,732 Not Found: /
2023-10-17 01:27:40,745 Not Found: /
2023-10-17 01:27:41,370 Not Found: /
2023-10-17 01:27:41,988 Not Found: /version
2023-10-17 01:27:42,621 Not Found: /.vscode/sftp.json
2023-10-17 01:27:43,241 Not Found: /about
2023-10-17 01:27:43,868 Not Found: /debug/default/view
2023-10-17 01:27:44,485 Not Found: /v2/_catalog
2023-10-17 01:27:45,095 Not Found: /ecp/Current/exporttool/microsoft.exchange.ediscovery.exporttool.application
2023-10-17 01:27:45,729 Not Found: /server-status
2023-10-17 01:27:46,359 Not Found: /login.action
2023-10-17 01:27:46,988 Not Found: /_all_dbs
2023-10-17 01:27:47,617 Not Found: /.DS_Store
2023-10-17 01:27:48,245 Not Found: /.env
2023-10-17 01:27:48,870 Not Found: /.git/config
2023-10-17 01:27:49,483 Not Found: /s/1363e2738313e29373e24353/_/;/META-INF/maven/com.atlassian.jira/jira-webapp-dist/pom.properties
2023-10-17 01:27:50,102 Not Found: /config.json
2023-10-17 01:27:50,713 Not Found: /telescope/requests
2023-10-17 01:27:51,338 Not Found: /
2023-10-17 01:48:29,311 Not Found: /
2023-10-17 02:19:35,526 Not Found: /
2023-10-17 02:19:36,113 Not Found: /
2023-10-17 05:12:23,423 Not Found: /
2023-10-17 08:20:22,941 Not Found: /
2023-10-17 08:21:01,309 Not Found: /favicon.ico
2023-10-17 08:21:23,536 Not Found: /http:/api.ipify.org/
2023-10-17 08:21:45,855 Not Found: /www.shadowserver.org:443
2023-10-17 13:15:41,884 Not Found: /
2023-10-17 13:15:42,931 Not Found: /api/islogged
2023-10-17 13:57:44,020 Not Found: /
2023-10-17 13:57:45,230 Not Found: /
2023-10-17 13:57:45,727 Not Found: /favicon.ico
2023-10-17 17:37:16,646 Not Found: /aaa9
2023-10-17 17:37:16,742 Not Found: /aab8
2023-10-17 17:37:16,885 Not Found: /
2023-10-17 19:40:54,276 Not Found: /
2023-10-17 19:40:54,833 Not Found: /favicon.ico
2023-10-17 20:40:26,274 Not Found: /
2023-10-18 00:25:14,420 Not Found: /
2023-10-18 00:25:31,355 Not Found: /favicon.ico
2023-10-18 00:25:36,403 Not Found: /http:/api.ipify.org/
2023-10-18 00:25:39,629 Not Found: /www.shadowserver.org:443
2023-10-18 02:10:04,776 Not Found: /
2023-10-18 08:35:31,845 Not Found: /
2023-10-18 09:39:58,722 Not Found: /
2023-10-18 10:47:49,964 Not Found: /
2023-10-18 10:48:05,410 Not Found: /
2023-10-18 18:37:19,097 Not Found: /
2023-10-18 18:37:19,113 Not Found: /api/islogged
2023-10-18 19:23:21,565 Not Found: /
2023-10-18 19:23:22,117 Not Found: /
2023-10-18 19:23:22,449 Not Found: /favicon.ico
2023-10-18 19:23:22,779 Not Found: /robots.txt
2023-10-18 19:38:20,587 Not Found: /google.com:443
2023-10-18 19:55:01,799 Not Found: /
2023-10-18 20:15:23,212 Not Found: /
2023-10-18 20:15:23,891 Not Found: /
2023-10-18 23:28:57,905 Not Found: /
2023-10-19 00:16:10,605 Not Found: /
2023-10-19 01:28:21,454 Not Found: /
2023-10-19 02:04:01,405 Not Found: /c/
2023-10-19 06:41:19,917 Not Found: /
2023-10-19 10:54:22,654 Not Found: /
2023-10-19 10:54:34,425 Not Found: /favicon.ico
2023-10-19 10:54:37,476 Not Found: /http:/api.ipify.org/
2023-10-19 10:54:40,381 Not Found: /www.shadowserver.org:443
2023-10-19 12:58:49,387 Not Found: /
2023-10-19 12:59:08,516 Not Found: /favicon.ico
2023-10-19 12:59:09,394 Not Found: /robots.txt
2023-10-19 12:59:10,272 Not Found: /sitemap.xml
2023-10-19 14:25:10,414 Not Found: /
2023-10-19 16:02:34,196 Not Found: /
2023-10-19 16:44:56,332 Not Found: /
2023-10-19 21:04:17,618 Not Found: /favicon.ico
2023-10-20 03:06:47,441 Not Found: /
2023-10-20 04:47:41,870 Not Found: /
2023-10-20 08:00:48,761 Not Found: /logo512.png
2023-10-20 08:01:34,661 Not Found: /logo512.png
2023-10-20 08:01:48,104 Not Found: /logo512.png
2023-10-20 08:01:49,171 Not Found: /logo512.png
2023-10-20 08:02:36,056 Not Found: /logo512.png
2023-10-20 08:02:37,122 Not Found: /logo512.png
2023-10-20 08:02:48,056 Not Found: /logo512.png
2023-10-20 08:02:49,660 Not Found: /logo512.png
2023-10-20 08:03:17,330 Not Found: /logo512.png
2023-10-20 08:03:18,647 Not Found: /logo512.png
2023-10-20 08:03:22,860 Not Found: /logo512.png
2023-10-20 08:03:24,635 Not Found: /logo512.png
2023-10-20 08:03:31,743 Not Found: /logo512.png
2023-10-20 08:03:33,218 Not Found: /logo512.png
2023-10-20 08:03:37,051 Not Found: /logo512.png
2023-10-20 08:03:38,118 Not Found: /logo512.png
2023-10-20 08:03:39,163 Not Found: /logo512.png
2023-10-20 08:25:36,550 Not Found: /
2023-10-20 08:25:52,355 Not Found: /favicon.ico
2023-10-20 08:25:56,496 Not Found: /http:/api.ipify.org/
2023-10-20 08:25:59,481 Not Found: /www.shadowserver.org:443
2023-10-20 08:40:23,346 Bad Request: /api/users/register/
2023-10-20 08:45:53,622 Not Found: /logo512.png
2023-10-20 08:54:34,454 Not Found: /logo512.png
2023-10-20 08:54:35,654 Not Found: /logo512.png
2023-10-21 09:31:39,743 Not Found: /
2023-10-21 09:32:54,754 Not Found: /aaa9
2023-10-21 09:32:55,249 Not Found: /aab8
2023-10-21 09:32:55,690 Not Found: /
2023-10-21 09:35:30,079 Not Found: /logo512.png
2023-10-21 09:35:36,876 Not Found: /logo512.png
2023-10-21 09:35:49,491 Not Found: /logo512.png
2023-10-21 09:35:50,558 Not Found: /logo512.png
2023-10-21 09:35:54,482 Not Found: /logo512.png
2023-10-21 09:35:55,545 Not Found: /logo512.png
2023-10-21 09:36:41,452 Not Found: /logo512.png
2023-10-21 09:36:49,047 Not Found: /logo512.png
2023-10-21 09:36:50,558 Not Found: /logo512.png
2023-10-21 09:36:55,067 Not Found: /logo512.png
2023-10-21 09:36:56,586 Not Found: /logo512.png
2023-10-21 09:37:25,087 Not Found: /logo512.png
2023-10-21 09:37:27,475 Not Found: /logo512.png
2023-10-21 09:37:56,046 Not Found: /logo512.png
2023-10-21 09:37:58,343 Not Found: /logo512.png
2023-10-21 09:38:17,368 Not Found: /logo512.png
2023-10-21 09:38:26,531 Not Found: /logo512.png
2023-10-21 09:38:27,606 Not Found: /logo512.png
2023-10-21 09:38:57,960 Not Found: /logo512.png
2023-10-21 09:38:59,027 Not Found: /logo512.png
2023-10-21 09:39:08,063 Not Found: /logo512.png
2023-10-21 09:39:27,081 Not Found: /logo512.png
2023-10-21 09:39:28,561 Not Found: /logo512.png
2023-10-21 09:39:58,059 Not Found: /logo512.png
2023-10-21 09:39:59,562 Not Found: /logo512.png
2023-10-21 09:40:49,062 Not Found: /logo512.png
2023-10-21 09:40:50,569 Not Found: /logo512.png
2023-10-21 09:40:59,056 Not Found: /logo512.png
2023-10-21 09:41:00,561 Not Found: /logo512.png
2023-10-21 09:41:14,417 Not Found: /logo512.png
2023-10-21 09:41:49,471 Not Found: /logo512.png
2023-10-21 09:41:50,542 Not Found: /logo512.png
2023-10-21 09:42:00,475 Not Found: /logo512.png
2023-10-21 09:42:01,545 Not Found: /logo512.png
2023-10-21 09:42:30,506 Not Found: /logo512.png
2023-10-21 09:42:31,585 Not Found: /logo512.png
2023-10-21 09:43:01,499 Not Found: /logo512.png
2023-10-21 09:43:02,590 Not Found: /logo512.png
2023-10-21 09:43:31,519 Not Found: /logo512.png
2023-10-21 09:43:32,590 Not Found: /logo512.png
2023-10-21 09:44:02,482 Not Found: /logo512.png
2023-10-21 09:44:03,563 Not Found: /logo512.png
2023-10-21 09:44:32,528 Not Found: /logo512.png
2023-10-21 09:44:33,628 Not Found: /logo512.png
2023-10-21 09:44:39,398 Not Found: /logo512.png
2023-10-21 09:45:03,054 Not Found: /logo512.png
2023-10-21 09:45:04,572 Not Found: /logo512.png
2023-10-21 09:45:19,058 Not Found: /logo512.png
2023-10-21 09:45:49,475 Not Found: /logo512.png
2023-10-21 09:45:50,563 Not Found: /logo512.png
2023-10-21 09:46:05,502 Not Found: /logo512.png
2023-10-21 09:46:06,566 Not Found: /logo512.png
2023-10-21 09:46:49,491 Not Found: /logo512.png
2023-10-21 09:46:50,570 Not Found: /logo512.png
2023-10-21 09:47:06,508 Not Found: /logo512.png
2023-10-21 09:47:07,582 Not Found: /logo512.png
2023-10-21 09:47:36,523 Not Found: /logo512.png
2023-10-21 09:47:37,598 Not Found: /logo512.png
2023-10-21 09:48:07,487 Not Found: /logo512.png
2023-10-21 09:48:08,570 Not Found: /logo512.png
2023-10-21 09:48:37,507 Not Found: /logo512.png
2023-10-21 09:48:38,589 Not Found: /logo512.png
2023-10-21 09:49:08,484 Not Found: /logo512.png
2023-10-21 09:49:09,557 Not Found: /logo512.png
2023-10-21 09:49:38,504 Not Found: /logo512.png
2023-10-21 09:49:39,578 Not Found: /logo512.png
2023-10-21 09:50:09,487 Not Found: /logo512.png
2023-10-21 09:50:10,559 Not Found: /logo512.png
2023-10-21 09:50:49,491 Not Found: /logo512.png
2023-10-21 09:50:50,574 Not Found: /logo512.png
2023-10-21 09:51:17,492 Not Found: /logo512.png
2023-10-21 09:51:18,558 Not Found: /logo512.png
2023-10-21 09:51:49,522 Not Found: /logo512.png
2023-10-21 09:51:50,592 Not Found: /logo512.png
2023-10-21 09:52:18,488 Not Found: /logo512.png
2023-10-21 09:52:19,550 Not Found: /logo512.png
2023-10-21 09:52:48,532 Not Found: /logo512.png
2023-10-21 09:52:49,602 Not Found: /logo512.png
2023-10-21 09:52:58,272 Not Found: /logo512.png
2023-10-21 09:53:19,059 Not Found: /logo512.png
2023-10-21 09:53:20,559 Not Found: /logo512.png
2023-10-21 09:53:49,077 Not Found: /logo512.png
2023-10-21 09:53:50,572 Not Found: /logo512.png
2023-10-21 09:54:34,063 Not Found: /logo512.png
2023-10-21 09:54:35,733 Not Found: /logo512.png
2023-10-21 09:55:19,507 Not Found: /logo512.png
2023-10-21 09:55:21,059 Not Found: /logo512.png
2023-10-21 09:55:25,148 Not Found: /logo512.png
